<?xml version="1.0" encoding="UTF-8"?>
<testsuite name="gdxtesting.examples.UnitTestExample" tests="1" skipped="0" failures="0" errors="0" timestamp="2021-02-02T14:36:15" hostname="LENOVO-V330-ARR" time="0.0">
  <properties/>
  <testcase name="oneEqualsOne" classname="gdxtesting.examples.UnitTestExample" time="0.0"/>
  <system-out><![CDATA[]]></system-out>
  <system-err><![CDATA[]]></system-err>
</testsuite>
